# JRE version: OpenJDK Runtime Environment (8.0_152-b06) (build 1.8.0_152-release-1136-b06)
# Java VM: OpenJDK 64-Bit Server VM (25.152-b06 mixed mode windows-amd64 compressed oops)
Heap:
 PSYoungGen      total 53248K, used 16714K [0x00000000e0000000, 0x00000000e4280000, 0x0000000100000000)
  eden space 43520K, 28% used [0x00000000e0000000,0x00000000e0c42fe0,0x00000000e2a80000)
  from space 9728K, 42% used [0x00000000e2a80000,0x00000000e2e8fc10,0x00000000e3400000)
  to   space 9728K, 0% used [0x00000000e3400000,0x00000000e3400000,0x00000000e3d80000)
 ParOldGen       total 34304K, used 15594K [0x00000000a0000000, 0x00000000a2180000, 0x00000000e0000000)
  object space 34304K, 45% used [0x00000000a0000000,0x00000000a0f3a898,0x00000000a2180000)
 Metaspace       used 37863K, capacity 38624K, committed 38872K, reserved 1083392K
  class space    used 5216K, capacity 5493K, committed 5592K, reserved 1048576K
GC Heap History (10 events):
Event: 21.549 GC heap before
{Heap before GC invocations=15 (full 1):
 PSYoungGen      total 35840K, used 35739K [0x00000000e0000000, 0x00000000e3180000, 0x0000000100000000)
  eden space 29696K, 100% used [0x00000000e0000000,0x00000000e1d00000,0x00000000e1d00000)
  from space 6144K, 98% used [0x00000000e1d00000,0x00000000e22e6f98,0x00000000e2300000)
  to   space 6656K, 0% used [0x00000000e2b00000,0x00000000e2b00000,0x00000000e3180000)
 ParOldGen       total 34304K, used 7214K [0x00000000a0000000, 0x00000000a2180000, 0x00000000e0000000)
  object space 34304K, 21% used [0x00000000a0000000,0x00000000a070b9a0,0x00000000a2180000)
 Metaspace       used 30178K, capacity 30768K, committed 30848K, reserved 1075200K
  class space    used 4250K, capacity 4449K, committed 4480K, reserved 1048576K
Event: 21.559 GC heap after
Heap after GC invocations=15 (full 1):
 PSYoungGen      total 43008K, used 6637K [0x00000000e0000000, 0x00000000e3300000, 0x0000000100000000)
  eden space 36352K, 0% used [0x00000000e0000000,0x00000000e0000000,0x00000000e2380000)
  from space 6656K, 99% used [0x00000000e2b00000,0x00000000e317b450,0x00000000e3180000)
  to   space 7680K, 0% used [0x00000000e2380000,0x00000000e2380000,0x00000000e2b00000)
 ParOldGen       total 34304K, used 8135K [0x00000000a0000000, 0x00000000a2180000, 0x00000000e0000000)
  object space 34304K, 23% used [0x00000000a0000000,0x00000000a07f1ca0,0x00000000a2180000)
 Metaspace       used 30178K, capacity 30768K, committed 30848K, reserved 1075200K
  class space    used 4250K, capacity 4449K, committed 4480K, reserved 1048576K
}
Event: 59.757 GC heap before
{Heap before GC invocations=16 (full 1):
 PSYoungGen      total 43008K, used 42989K [0x00000000e0000000, 0x00000000e3300000, 0x0000000100000000)
  eden space 36352K, 100% used [0x00000000e0000000,0x00000000e2380000,0x00000000e2380000)
  from space 6656K, 99% used [0x00000000e2b00000,0x00000000e317b450,0x00000000e3180000)
  to   space 7680K, 0% used [0x00000000e2380000,0x00000000e2380000,0x00000000e2b00000)
 ParOldGen       total 34304K, used 8135K [0x00000000a0000000, 0x00000000a2180000, 0x00000000e0000000)
  object space 34304K, 23% used [0x00000000a0000000,0x00000000a07f1ca0,0x00000000a2180000)
 Metaspace       used 34132K, capacity 34870K, committed 35072K, reserved 1079296K
  class space    used 4788K, capacity 5052K, committed 5120K, reserved 1048576K
Event: 59.773 GC heap after
Heap after GC invocations=16 (full 1):
 PSYoungGen      total 44032K, used 7648K [0x00000000e0000000, 0x00000000e3d80000, 0x0000000100000000)
  eden space 36352K, 0% used [0x00000000e0000000,0x00000000e0000000,0x00000000e2380000)
  from space 7680K, 99% used [0x00000000e2380000,0x00000000e2af8168,0x00000000e2b00000)
  to   space 9728K, 0% used [0x00000000e3400000,0x00000000e3400000,0x00000000e3d80000)
 ParOldGen       total 34304K, used 10999K [0x00000000a0000000, 0x00000000a2180000, 0x00000000e0000000)
  object space 34304K, 32% used [0x00000000a0000000,0x00000000a0abdf68,0x00000000a2180000)
 Metaspace       used 34132K, capacity 34870K, committed 35072K, reserved 1079296K
  class space    used 4788K, capacity 5052K, committed 5120K, reserved 1048576K
}
Event: 60.239 GC heap before
{Heap before GC invocations=17 (full 1):
 PSYoungGen      total 44032K, used 11887K [0x00000000e0000000, 0x00000000e3d80000, 0x0000000100000000)
  eden space 36352K, 11% used [0x00000000e0000000,0x00000000e0423ac8,0x00000000e2380000)
  from space 7680K, 99% used [0x00000000e2380000,0x00000000e2af8168,0x00000000e2b00000)
  to   space 9728K, 0% used [0x00000000e3400000,0x00000000e3400000,0x00000000e3d80000)
 ParOldGen       total 34304K, used 10999K [0x00000000a0000000, 0x00000000a2180000, 0x00000000e0000000)
  object space 34304K, 32% used [0x00000000a0000000,0x00000000a0abdf68,0x00000000a2180000)
 Metaspace       used 34554K, capacity 35268K, committed 35416K, reserved 1079296K
  class space    used 4853K, capacity 5121K, committed 5208K, reserved 1048576K
Event: 60.254 GC heap after
Heap after GC invocations=17 (full 1):
 PSYoungGen      total 53248K, used 6231K [0x00000000e0000000, 0x00000000e4280000, 0x0000000100000000)
  eden space 43520K, 0% used [0x00000000e0000000,0x00000000e0000000,0x00000000e2a80000)
  from space 9728K, 64% used [0x00000000e3400000,0x00000000e3a15ca8,0x00000000e3d80000)
  to   space 9728K, 0% used [0x00000000e2a80000,0x00000000e2a80000,0x00000000e3400000)
 ParOldGen       total 34304K, used 12389K [0x00000000a0000000, 0x00000000a2180000, 0x00000000e0000000)
  object space 34304K, 36% used [0x00000000a0000000,0x00000000a0c19588,0x00000000a2180000)
 Metaspace       used 34554K, capacity 35268K, committed 35416K, reserved 1079296K
  class space    used 4853K, capacity 5121K, committed 5208K, reserved 1048576K
}
Event: 60.254 GC heap before
{Heap before GC invocations=18 (full 2):
 PSYoungGen      total 53248K, used 6231K [0x00000000e0000000, 0x00000000e4280000, 0x0000000100000000)
  eden space 43520K, 0% used [0x00000000e0000000,0x00000000e0000000,0x00000000e2a80000)
  from space 9728K, 64% used [0x00000000e3400000,0x00000000e3a15ca8,0x00000000e3d80000)
  to   space 9728K, 0% used [0x00000000e2a80000,0x00000000e2a80000,0x00000000e3400000)
 ParOldGen       total 34304K, used 12389K [0x00000000a0000000, 0x00000000a2180000, 0x00000000e0000000)
  object space 34304K, 36% used [0x00000000a0000000,0x00000000a0c19588,0x00000000a2180000)
 Metaspace       used 34554K, capacity 35268K, committed 35416K, reserved 1079296K
  class space    used 4853K, capacity 5121K, committed 5208K, reserved 1048576K
Event: 60.350 GC heap after
Heap after GC invocations=18 (full 2):
 PSYoungGen      total 53248K, used 0K [0x00000000e0000000, 0x00000000e4280000, 0x0000000100000000)
  eden space 43520K, 0% used [0x00000000e0000000,0x00000000e0000000,0x00000000e2a80000)
  from space 9728K, 0% used [0x00000000e3400000,0x00000000e3400000,0x00000000e3d80000)
  to   space 9728K, 0% used [0x00000000e2a80000,0x00000000e2a80000,0x00000000e3400000)
 ParOldGen       total 34304K, used 15586K [0x00000000a0000000, 0x00000000a2180000, 0x00000000e0000000)
  object space 34304K, 45% used [0x00000000a0000000,0x00000000a0f38898,0x00000000a2180000)
 Metaspace       used 34554K, capacity 35268K, committed 35416K, reserved 1079296K
  class space    used 4853K, capacity 5121K, committed 5208K, reserved 1048576K
}
Event: 64.537 GC heap before
{Heap before GC invocations=19 (full 2):
 PSYoungGen      total 53248K, used 43520K [0x00000000e0000000, 0x00000000e4280000, 0x0000000100000000)
  eden space 43520K, 100% used [0x00000000e0000000,0x00000000e2a80000,0x00000000e2a80000)
  from space 9728K, 0% used [0x00000000e3400000,0x00000000e3400000,0x00000000e3d80000)
  to   space 9728K, 0% used [0x00000000e2a80000,0x00000000e2a80000,0x00000000e3400000)
 ParOldGen       total 34304K, used 15586K [0x00000000a0000000, 0x00000000a2180000, 0x00000000e0000000)
  object space 34304K, 45% used [0x00000000a0000000,0x00000000a0f38898,0x00000000a2180000)
 Metaspace       used 37744K, capacity 38560K, committed 38872K, reserved 1083392K
  class space    used 5200K, capacity 5493K, committed 5592K, reserved 1048576K
Event: 64.546 GC heap after
Heap after GC invocations=19 (full 2):
 PSYoungGen      total 53248K, used 4159K [0x00000000e0000000, 0x00000000e4280000, 0x0000000100000000)
  eden space 43520K, 0% used [0x00000000e0000000,0x00000000e0000000,0x00000000e2a80000)
  from space 9728K, 42% used [0x00000000e2a80000,0x00000000e2e8fc10,0x00000000e3400000)
  to   space 9728K, 0% used [0x00000000e3400000,0x00000000e3400000,0x00000000e3d80000)
 ParOldGen       total 34304K, used 15594K [0x00000000a0000000, 0x00000000a2180000, 0x00000000e0000000)
  object space 34304K, 45% used [0x00000000a0000000,0x00000000a0f3a898,0x00000000a2180000)
 Metaspace       used 37744K, capacity 38560K, committed 38872K, reserved 1083392K
  class space    used 5200K, capacity 5493K, committed 5592K, reserved 1048576K
}

