# JRE version: OpenJDK Runtime Environment (8.0_152-b06) (build 1.8.0_152-release-1136-b06)
# Java VM: OpenJDK 64-Bit Server VM (25.152-b06 mixed mode windows-amd64 compressed oops)
Heap:
 PSYoungGen      total 222720K, used 176517K [0x00000000e0000000, 0x00000000f3b00000, 0x0000000100000000)
  eden space 205824K, 85% used [0x00000000e0000000,0x00000000eac61570,0x00000000ec900000)
  from space 16896K, 0% used [0x00000000ec900000,0x00000000ec900000,0x00000000ed980000)
  to   space 17920K, 0% used [0x00000000f2980000,0x00000000f2980000,0x00000000f3b00000)
 ParOldGen       total 91136K, used 45134K [0x00000000a0000000, 0x00000000a5900000, 0x00000000e0000000)
  object space 91136K, 49% used [0x00000000a0000000,0x00000000a2c139f8,0x00000000a5900000)
 Metaspace       used 63532K, capacity 65944K, committed 66264K, reserved 1105920K
  class space    used 8494K, capacity 9072K, committed 9176K, reserved 1048576K
GC Heap History (10 events):
Event: 15.374 GC heap before
{Heap before GC invocations=12 (full 2):
 PSYoungGen      total 161280K, used 6119K [0x00000000e0000000, 0x00000000eca00000, 0x0000000100000000)
  eden space 149504K, 0% used [0x00000000e0000000,0x00000000e0000000,0x00000000e9200000)
  from space 11776K, 51% used [0x00000000e9d00000,0x00000000ea2f9c58,0x00000000ea880000)
  to   space 11264K, 0% used [0x00000000e9200000,0x00000000e9200000,0x00000000e9d00000)
 ParOldGen       total 33280K, used 16649K [0x00000000a0000000, 0x00000000a2080000, 0x00000000e0000000)
  object space 33280K, 50% used [0x00000000a0000000,0x00000000a1042490,0x00000000a2080000)
 Metaspace       used 34610K, capacity 35300K, committed 35416K, reserved 1079296K
  class space    used 4859K, capacity 5153K, committed 5208K, reserved 1048576K
Event: 15.443 GC heap after
Heap after GC invocations=12 (full 2):
 PSYoungGen      total 161280K, used 0K [0x00000000e0000000, 0x00000000eca00000, 0x0000000100000000)
  eden space 149504K, 0% used [0x00000000e0000000,0x00000000e0000000,0x00000000e9200000)
  from space 11776K, 0% used [0x00000000e9d00000,0x00000000e9d00000,0x00000000ea880000)
  to   space 11264K, 0% used [0x00000000e9200000,0x00000000e9200000,0x00000000e9d00000)
 ParOldGen       total 48128K, used 15427K [0x00000000a0000000, 0x00000000a2f00000, 0x00000000e0000000)
  object space 48128K, 32% used [0x00000000a0000000,0x00000000a0f10c98,0x00000000a2f00000)
 Metaspace       used 34610K, capacity 35300K, committed 35416K, reserved 1079296K
  class space    used 4859K, capacity 5153K, committed 5208K, reserved 1048576K
}
Event: 22.423 GC heap before
{Heap before GC invocations=13 (full 2):
 PSYoungGen      total 161280K, used 149504K [0x00000000e0000000, 0x00000000eca00000, 0x0000000100000000)
  eden space 149504K, 100% used [0x00000000e0000000,0x00000000e9200000,0x00000000e9200000)
  from space 11776K, 0% used [0x00000000e9d00000,0x00000000e9d00000,0x00000000ea880000)
  to   space 11264K, 0% used [0x00000000e9200000,0x00000000e9200000,0x00000000e9d00000)
 ParOldGen       total 48128K, used 15427K [0x00000000a0000000, 0x00000000a2f00000, 0x00000000e0000000)
  object space 48128K, 32% used [0x00000000a0000000,0x00000000a0f10c98,0x00000000a2f00000)
 Metaspace       used 44905K, capacity 45916K, committed 46168K, reserved 1089536K
  class space    used 6144K, capacity 6468K, committed 6488K, reserved 1048576K
Event: 22.446 GC heap after
Heap after GC invocations=13 (full 2):
 PSYoungGen      total 160768K, used 11258K [0x00000000e0000000, 0x00000000eeb00000, 0x0000000100000000)
  eden space 149504K, 0% used [0x00000000e0000000,0x00000000e0000000,0x00000000e9200000)
  from space 11264K, 99% used [0x00000000e9200000,0x00000000e9cfe9d8,0x00000000e9d00000)
  to   space 15360K, 0% used [0x00000000edc00000,0x00000000edc00000,0x00000000eeb00000)
 ParOldGen       total 48128K, used 21647K [0x00000000a0000000, 0x00000000a2f00000, 0x00000000e0000000)
  object space 48128K, 44% used [0x00000000a0000000,0x00000000a1523e78,0x00000000a2f00000)
 Metaspace       used 44905K, capacity 45916K, committed 46168K, reserved 1089536K
  class space    used 6144K, capacity 6468K, committed 6488K, reserved 1048576K
}
Event: 28.816 GC heap before
{Heap before GC invocations=14 (full 2):
 PSYoungGen      total 160768K, used 160762K [0x00000000e0000000, 0x00000000eeb00000, 0x0000000100000000)
  eden space 149504K, 100% used [0x00000000e0000000,0x00000000e9200000,0x00000000e9200000)
  from space 11264K, 99% used [0x00000000e9200000,0x00000000e9cfe9d8,0x00000000e9d00000)
  to   space 15360K, 0% used [0x00000000edc00000,0x00000000edc00000,0x00000000eeb00000)
 ParOldGen       total 48128K, used 21647K [0x00000000a0000000, 0x00000000a2f00000, 0x00000000e0000000)
  object space 48128K, 44% used [0x00000000a0000000,0x00000000a1523e78,0x00000000a2f00000)
 Metaspace       used 56121K, capacity 57840K, committed 58200K, reserved 1099776K
  class space    used 7720K, capacity 8161K, committed 8280K, reserved 1048576K
Event: 28.844 GC heap after
Heap after GC invocations=14 (full 2):
 PSYoungGen      total 220160K, used 13442K [0x00000000e0000000, 0x00000000eea00000, 0x0000000100000000)
  eden space 205824K, 0% used [0x00000000e0000000,0x00000000e0000000,0x00000000ec900000)
  from space 14336K, 93% used [0x00000000edc00000,0x00000000ee920918,0x00000000eea00000)
  to   space 16896K, 0% used [0x00000000ec900000,0x00000000ec900000,0x00000000ed980000)
 ParOldGen       total 48128K, used 31922K [0x00000000a0000000, 0x00000000a2f00000, 0x00000000e0000000)
  object space 48128K, 66% used [0x00000000a0000000,0x00000000a1f2c830,0x00000000a2f00000)
 Metaspace       used 56121K, capacity 57840K, committed 58200K, reserved 1099776K
  class space    used 7720K, capacity 8161K, committed 8280K, reserved 1048576K
}
Event: 30.303 GC heap before
{Heap before GC invocations=15 (full 2):
 PSYoungGen      total 220160K, used 133002K [0x00000000e0000000, 0x00000000eea00000, 0x0000000100000000)
  eden space 205824K, 58% used [0x00000000e0000000,0x00000000e74c1f70,0x00000000ec900000)
  from space 14336K, 93% used [0x00000000edc00000,0x00000000ee920918,0x00000000eea00000)
  to   space 16896K, 0% used [0x00000000ec900000,0x00000000ec900000,0x00000000ed980000)
 ParOldGen       total 48128K, used 31922K [0x00000000a0000000, 0x00000000a2f00000, 0x00000000e0000000)
  object space 48128K, 66% used [0x00000000a0000000,0x00000000a1f2c830,0x00000000a2f00000)
 Metaspace       used 57126K, capacity 58912K, committed 59028K, reserved 1099776K
  class space    used 7856K, capacity 8344K, committed 8408K, reserved 1048576K
Event: 30.331 GC heap after
Heap after GC invocations=15 (full 2):
 PSYoungGen      total 222720K, used 13709K [0x00000000e0000000, 0x00000000f3b00000, 0x0000000100000000)
  eden space 205824K, 0% used [0x00000000e0000000,0x00000000e0000000,0x00000000ec900000)
  from space 16896K, 81% used [0x00000000ec900000,0x00000000ed663600,0x00000000ed980000)
  to   space 17920K, 0% used [0x00000000f2980000,0x00000000f2980000,0x00000000f3b00000)
 ParOldGen       total 48128K, used 38614K [0x00000000a0000000, 0x00000000a2f00000, 0x00000000e0000000)
  object space 48128K, 80% used [0x00000000a0000000,0x00000000a25b5978,0x00000000a2f00000)
 Metaspace       used 57126K, capacity 58912K, committed 59028K, reserved 1099776K
  class space    used 7856K, capacity 8344K, committed 8408K, reserved 1048576K
}
Event: 30.331 GC heap before
{Heap before GC invocations=16 (full 3):
 PSYoungGen      total 222720K, used 13709K [0x00000000e0000000, 0x00000000f3b00000, 0x0000000100000000)
  eden space 205824K, 0% used [0x00000000e0000000,0x00000000e0000000,0x00000000ec900000)
  from space 16896K, 81% used [0x00000000ec900000,0x00000000ed663600,0x00000000ed980000)
  to   space 17920K, 0% used [0x00000000f2980000,0x00000000f2980000,0x00000000f3b00000)
 ParOldGen       total 48128K, used 38614K [0x00000000a0000000, 0x00000000a2f00000, 0x00000000e0000000)
  object space 48128K, 80% used [0x00000000a0000000,0x00000000a25b5978,0x00000000a2f00000)
 Metaspace       used 57126K, capacity 58912K, committed 59028K, reserved 1099776K
  class space    used 7856K, capacity 8344K, committed 8408K, reserved 1048576K
Event: 30.666 GC heap after
Heap after GC invocations=16 (full 3):
 PSYoungGen      total 222720K, used 0K [0x00000000e0000000, 0x00000000f3b00000, 0x0000000100000000)
  eden space 205824K, 0% used [0x00000000e0000000,0x00000000e0000000,0x00000000ec900000)
  from space 16896K, 0% used [0x00000000ec900000,0x00000000ec900000,0x00000000ed980000)
  to   space 17920K, 0% used [0x00000000f2980000,0x00000000f2980000,0x00000000f3b00000)
 ParOldGen       total 91136K, used 45134K [0x00000000a0000000, 0x00000000a5900000, 0x00000000e0000000)
  object space 91136K, 49% used [0x00000000a0000000,0x00000000a2c139f8,0x00000000a5900000)
 Metaspace       used 57126K, capacity 58912K, committed 59028K, reserved 1099776K
  class space    used 7856K, capacity 8344K, committed 8408K, reserved 1048576K
}

