# JRE version: OpenJDK Runtime Environment (8.0_152-b06) (build 1.8.0_152-release-1136-b06)
# Java VM: OpenJDK 64-Bit Server VM (25.152-b06 mixed mode windows-amd64 compressed oops)
Heap:
 PSYoungGen      total 116224K, used 62747K [0x00000000e0000000, 0x00000000e7c80000, 0x0000000100000000)
  eden space 104960K, 59% used [0x00000000e0000000,0x00000000e3d46c18,0x00000000e6680000)
  from space 11264K, 0% used [0x00000000e7180000,0x00000000e7180000,0x00000000e7c80000)
  to   space 11264K, 0% used [0x00000000e6680000,0x00000000e6680000,0x00000000e7180000)
 ParOldGen       total 95232K, used 36511K [0x00000000a0000000, 0x00000000a5d00000, 0x00000000e0000000)
  object space 95232K, 38% used [0x00000000a0000000,0x00000000a23a7d70,0x00000000a5d00000)
 Metaspace       used 57333K, capacity 59210K, committed 59284K, reserved 1099776K
  class space    used 7873K, capacity 8392K, committed 8408K, reserved 1048576K
GC Heap History (10 events):
Event: 16.742 GC heap before
{Heap before GC invocations=17 (full 2):
 PSYoungGen      total 77824K, used 77467K [0x00000000e0000000, 0x00000000e5580000, 0x0000000100000000)
  eden space 72704K, 100% used [0x00000000e0000000,0x00000000e4700000,0x00000000e4700000)
  from space 5120K, 93% used [0x00000000e5080000,0x00000000e5526e90,0x00000000e5580000)
  to   space 6656K, 0% used [0x00000000e4880000,0x00000000e4880000,0x00000000e4f00000)
 ParOldGen       total 58368K, used 17960K [0x00000000a0000000, 0x00000000a3900000, 0x00000000e0000000)
  object space 58368K, 30% used [0x00000000a0000000,0x00000000a118a290,0x00000000a3900000)
 Metaspace       used 42943K, capacity 43894K, committed 44120K, reserved 1087488K
  class space    used 5840K, capacity 6193K, committed 6232K, reserved 1048576K
Event: 16.773 GC heap after
Heap after GC invocations=17 (full 2):
 PSYoungGen      total 80896K, used 6652K [0x00000000e0000000, 0x00000000e6c80000, 0x0000000100000000)
  eden space 74240K, 0% used [0x00000000e0000000,0x00000000e0000000,0x00000000e4880000)
  from space 6656K, 99% used [0x00000000e4880000,0x00000000e4eff2e0,0x00000000e4f00000)
  to   space 9216K, 0% used [0x00000000e6380000,0x00000000e6380000,0x00000000e6c80000)
 ParOldGen       total 58368K, used 24084K [0x00000000a0000000, 0x00000000a3900000, 0x00000000e0000000)
  object space 58368K, 41% used [0x00000000a0000000,0x00000000a17850a0,0x00000000a3900000)
 Metaspace       used 42943K, capacity 43894K, committed 44120K, reserved 1087488K
  class space    used 5840K, capacity 6193K, committed 6232K, reserved 1048576K
}
Event: 19.973 GC heap before
{Heap before GC invocations=18 (full 2):
 PSYoungGen      total 80896K, used 80892K [0x00000000e0000000, 0x00000000e6c80000, 0x0000000100000000)
  eden space 74240K, 100% used [0x00000000e0000000,0x00000000e4880000,0x00000000e4880000)
  from space 6656K, 99% used [0x00000000e4880000,0x00000000e4eff2e0,0x00000000e4f00000)
  to   space 9216K, 0% used [0x00000000e6380000,0x00000000e6380000,0x00000000e6c80000)
 ParOldGen       total 58368K, used 24084K [0x00000000a0000000, 0x00000000a3900000, 0x00000000e0000000)
  object space 58368K, 41% used [0x00000000a0000000,0x00000000a17850a0,0x00000000a3900000)
 Metaspace       used 50528K, capacity 51744K, committed 52056K, reserved 1093632K
  class space    used 6794K, capacity 7158K, committed 7256K, reserved 1048576K
Event: 19.989 GC heap after
Heap after GC invocations=18 (full 2):
 PSYoungGen      total 101376K, used 6620K [0x00000000e0000000, 0x00000000e6d80000, 0x0000000100000000)
  eden space 92160K, 0% used [0x00000000e0000000,0x00000000e0000000,0x00000000e5a00000)
  from space 9216K, 71% used [0x00000000e6380000,0x00000000e69f7148,0x00000000e6c80000)
  to   space 9728K, 0% used [0x00000000e5a00000,0x00000000e5a00000,0x00000000e6380000)
 ParOldGen       total 58368K, used 30860K [0x00000000a0000000, 0x00000000a3900000, 0x00000000e0000000)
  object space 58368K, 52% used [0x00000000a0000000,0x00000000a1e233e0,0x00000000a3900000)
 Metaspace       used 50528K, capacity 51744K, committed 52056K, reserved 1093632K
  class space    used 6794K, capacity 7158K, committed 7256K, reserved 1048576K
}
Event: 113.585 GC heap before
{Heap before GC invocations=19 (full 2):
 PSYoungGen      total 101376K, used 98780K [0x00000000e0000000, 0x00000000e6d80000, 0x0000000100000000)
  eden space 92160K, 100% used [0x00000000e0000000,0x00000000e5a00000,0x00000000e5a00000)
  from space 9216K, 71% used [0x00000000e6380000,0x00000000e69f7148,0x00000000e6c80000)
  to   space 9728K, 0% used [0x00000000e5a00000,0x00000000e5a00000,0x00000000e6380000)
 ParOldGen       total 58368K, used 30860K [0x00000000a0000000, 0x00000000a3900000, 0x00000000e0000000)
  object space 58368K, 52% used [0x00000000a0000000,0x00000000a1e233e0,0x00000000a3900000)
 Metaspace       used 56137K, capacity 57906K, committed 58200K, reserved 1099776K
  class space    used 7714K, capacity 8186K, committed 8280K, reserved 1048576K
Event: 113.603 GC heap after
Heap after GC invocations=19 (full 2):
 PSYoungGen      total 101888K, used 9714K [0x00000000e0000000, 0x00000000e7c80000, 0x0000000100000000)
  eden space 92160K, 0% used [0x00000000e0000000,0x00000000e0000000,0x00000000e5a00000)
  from space 9728K, 99% used [0x00000000e5a00000,0x00000000e637c838,0x00000000e6380000)
  to   space 11264K, 0% used [0x00000000e7180000,0x00000000e7180000,0x00000000e7c80000)
 ParOldGen       total 58368K, used 31908K [0x00000000a0000000, 0x00000000a3900000, 0x00000000e0000000)
  object space 58368K, 54% used [0x00000000a0000000,0x00000000a1f29200,0x00000000a3900000)
 Metaspace       used 56137K, capacity 57906K, committed 58200K, reserved 1099776K
  class space    used 7714K, capacity 8186K, committed 8280K, reserved 1048576K
}
Event: 116.255 GC heap before
{Heap before GC invocations=20 (full 2):
 PSYoungGen      total 101888K, used 41166K [0x00000000e0000000, 0x00000000e7c80000, 0x0000000100000000)
  eden space 92160K, 34% used [0x00000000e0000000,0x00000000e1eb7020,0x00000000e5a00000)
  from space 9728K, 99% used [0x00000000e5a00000,0x00000000e637c838,0x00000000e6380000)
  to   space 11264K, 0% used [0x00000000e7180000,0x00000000e7180000,0x00000000e7c80000)
 ParOldGen       total 58368K, used 31908K [0x00000000a0000000, 0x00000000a3900000, 0x00000000e0000000)
  object space 58368K, 54% used [0x00000000a0000000,0x00000000a1f29200,0x00000000a3900000)
 Metaspace       used 57071K, capacity 58884K, committed 59028K, reserved 1099776K
  class space    used 7828K, capacity 8319K, committed 8408K, reserved 1048576K
Event: 116.268 GC heap after
Heap after GC invocations=20 (full 2):
 PSYoungGen      total 116224K, used 2428K [0x00000000e0000000, 0x00000000e7c80000, 0x0000000100000000)
  eden space 104960K, 0% used [0x00000000e0000000,0x00000000e0000000,0x00000000e6680000)
  from space 11264K, 21% used [0x00000000e7180000,0x00000000e73df1e0,0x00000000e7c80000)
  to   space 11264K, 0% used [0x00000000e6680000,0x00000000e6680000,0x00000000e7180000)
 ParOldGen       total 58368K, used 38834K [0x00000000a0000000, 0x00000000a3900000, 0x00000000e0000000)
  object space 58368K, 66% used [0x00000000a0000000,0x00000000a25ec890,0x00000000a3900000)
 Metaspace       used 57071K, capacity 58884K, committed 59028K, reserved 1099776K
  class space    used 7828K, capacity 8319K, committed 8408K, reserved 1048576K
}
Event: 116.268 GC heap before
{Heap before GC invocations=21 (full 3):
 PSYoungGen      total 116224K, used 2428K [0x00000000e0000000, 0x00000000e7c80000, 0x0000000100000000)
  eden space 104960K, 0% used [0x00000000e0000000,0x00000000e0000000,0x00000000e6680000)
  from space 11264K, 21% used [0x00000000e7180000,0x00000000e73df1e0,0x00000000e7c80000)
  to   space 11264K, 0% used [0x00000000e6680000,0x00000000e6680000,0x00000000e7180000)
 ParOldGen       total 58368K, used 38834K [0x00000000a0000000, 0x00000000a3900000, 0x00000000e0000000)
  object space 58368K, 66% used [0x00000000a0000000,0x00000000a25ec890,0x00000000a3900000)
 Metaspace       used 57071K, capacity 58884K, committed 59028K, reserved 1099776K
  class space    used 7828K, capacity 8319K, committed 8408K, reserved 1048576K
Event: 116.572 GC heap after
Heap after GC invocations=21 (full 3):
 PSYoungGen      total 116224K, used 0K [0x00000000e0000000, 0x00000000e7c80000, 0x0000000100000000)
  eden space 104960K, 0% used [0x00000000e0000000,0x00000000e0000000,0x00000000e6680000)
  from space 11264K, 0% used [0x00000000e7180000,0x00000000e7180000,0x00000000e7c80000)
  to   space 11264K, 0% used [0x00000000e6680000,0x00000000e6680000,0x00000000e7180000)
 ParOldGen       total 95232K, used 36511K [0x00000000a0000000, 0x00000000a5d00000, 0x00000000e0000000)
  object space 95232K, 38% used [0x00000000a0000000,0x00000000a23a7d70,0x00000000a5d00000)
 Metaspace       used 57066K, capacity 58878K, committed 59028K, reserved 1099776K
  class space    used 7827K, capacity 8316K, committed 8408K, reserved 1048576K
}

